Build started 13/09/2014 8:34:49 AM.
     1>Project "C:\Users\Kaleado\documents\visual studio 2013\Projects\rpg-prototype\rpg-prototype\rpg-prototype.vcxproj" on node 2 (Build target(s)).
     1>ClCompile:
         C:\Program Files (x86)\Microsoft Visual Studio 12.0\VC\bin\CL.exe /c /ZI /nologo /W3 /WX- /sdl /Od /Oy- /D _MBCS /Gm /EHsc /RTC1 /MDd /GS /fp:precise /Zc:wchar_t /Zc:forScope /Fo"Debug\\" /Fd"Debug\vc120.pdb" /Gd /TP /analyze- /errorReport:prompt src\main.cpp
         main.cpp
     1>c:\users\kaleado\documents\visual studio 2013\projects\rpg-prototype\rpg-prototype\src\gmthing.h(47): warning C4018: '<' : signed/unsigned mismatch
     1>c:\users\kaleado\documents\visual studio 2013\projects\rpg-prototype\rpg-prototype\src\gmthing.h(48): warning C4018: '<' : signed/unsigned mismatch
     1>c:\users\kaleado\documents\visual studio 2013\projects\rpg-prototype\rpg-prototype\src\gmthing.h(49): warning C4018: '<' : signed/unsigned mismatch
     1>c:\users\kaleado\documents\visual studio 2013\projects\rpg-prototype\rpg-prototype\src\gmthing.h(50): warning C4018: '<' : signed/unsigned mismatch
     1>c:\users\kaleado\documents\visual studio 2013\projects\rpg-prototype\rpg-prototype\src\gmthing.h(51): warning C4018: '<' : signed/unsigned mismatch
     1>c:\users\kaleado\documents\visual studio 2013\projects\rpg-prototype\rpg-prototype\src\gmthing.h(52): warning C4018: '<' : signed/unsigned mismatch
     1>c:\users\kaleado\documents\visual studio 2013\projects\rpg-prototype\rpg-prototype\src\gmmap.h(34): warning C4018: '<' : signed/unsigned mismatch
     1>c:\users\kaleado\documents\visual studio 2013\projects\rpg-prototype\rpg-prototype\src\gmmap.h(40): warning C4018: '<' : signed/unsigned mismatch
     1>c:\users\kaleado\documents\visual studio 2013\projects\rpg-prototype\rpg-prototype\src\gmmap.h(42): warning C4018: '<' : signed/unsigned mismatch
     1>c:\users\kaleado\documents\visual studio 2013\projects\rpg-prototype\rpg-prototype\src\gmfov.h(11): warning C4018: '<' : signed/unsigned mismatch
     1>c:\users\kaleado\documents\visual studio 2013\projects\rpg-prototype\rpg-prototype\src\gmfov.h(20): warning C4018: '<' : signed/unsigned mismatch
     1>c:\users\kaleado\documents\visual studio 2013\projects\rpg-prototype\rpg-prototype\src\gminterface.h(45): warning C4018: '<' : signed/unsigned mismatch
     1>c:\users\kaleado\documents\visual studio 2013\projects\rpg-prototype\rpg-prototype\src\gminterface.h(84): warning C4018: '>' : signed/unsigned mismatch
     1>c:\users\kaleado\documents\visual studio 2013\projects\rpg-prototype\rpg-prototype\src\gminterface.h(128): warning C4018: '<' : signed/unsigned mismatch
     1>c:\users\kaleado\documents\visual studio 2013\projects\rpg-prototype\rpg-prototype\src\gmtoss.h(55): warning C4018: '<' : signed/unsigned mismatch
     1>c:\users\kaleado\documents\visual studio 2013\projects\rpg-prototype\rpg-prototype\src\gmtoss.h(87): warning C4018: '>' : signed/unsigned mismatch
     1>c:\users\kaleado\documents\visual studio 2013\projects\rpg-prototype\rpg-prototype\src\gmtoss.h(93): warning C4018: '>' : signed/unsigned mismatch
     1>c:\users\kaleado\documents\visual studio 2013\projects\rpg-prototype\rpg-prototype\src\gmtoss.h(99): warning C4018: '>' : signed/unsigned mismatch
     1>c:\users\kaleado\documents\visual studio 2013\projects\rpg-prototype\rpg-prototype\src\gmtoss.h(105): warning C4018: '>' : signed/unsigned mismatch
     1>c:\users\kaleado\documents\visual studio 2013\projects\rpg-prototype\rpg-prototype\src\gmtoss.h(150): warning C4018: '>' : signed/unsigned mismatch
     1>c:\users\kaleado\documents\visual studio 2013\projects\rpg-prototype\rpg-prototype\src\gmtoss.h(150): warning C4018: '<' : signed/unsigned mismatch
     1>c:\users\kaleado\documents\visual studio 2013\projects\rpg-prototype\rpg-prototype\src\gmtoss.h(152): warning C4018: '>' : signed/unsigned mismatch
     1>c:\users\kaleado\documents\visual studio 2013\projects\rpg-prototype\rpg-prototype\src\gmtoss.h(152): warning C4018: '<' : signed/unsigned mismatch
     1>c:\users\kaleado\documents\visual studio 2013\projects\rpg-prototype\rpg-prototype\src\gmtoss.h(159): warning C4018: '<' : signed/unsigned mismatch
     1>c:\users\kaleado\documents\visual studio 2013\projects\rpg-prototype\rpg-prototype\src\gmtoss.h(170): warning C4018: '<' : signed/unsigned mismatch
     1>c:\users\kaleado\documents\visual studio 2013\projects\rpg-prototype\rpg-prototype\src\gmlocale.h(156): warning C4018: '<' : signed/unsigned mismatch
     1>c:\users\kaleado\documents\visual studio 2013\projects\rpg-prototype\rpg-prototype\src\gmlocale.h(188): warning C4018: '<' : signed/unsigned mismatch
     1>c:\users\kaleado\documents\visual studio 2013\projects\rpg-prototype\rpg-prototype\src\gmworldmap.h(28): warning C4018: '<' : signed/unsigned mismatch
     1>c:\users\kaleado\documents\visual studio 2013\projects\rpg-prototype\rpg-prototype\src\gmworldmap.h(29): warning C4018: '<' : signed/unsigned mismatch
     1>c:\users\kaleado\documents\visual studio 2013\projects\rpg-prototype\rpg-prototype\src\gmworldmap.h(44): warning C4018: '<' : signed/unsigned mismatch
     1>c:\users\kaleado\documents\visual studio 2013\projects\rpg-prototype\rpg-prototype\src\gmworldmap.h(82): warning C4244: 'argument' : conversion from 'time_t' to 'unsigned int', possible loss of data
     1>c:\users\kaleado\documents\visual studio 2013\projects\rpg-prototype\rpg-prototype\src\gmworldmap.h(88): warning C4018: '<' : signed/unsigned mismatch
     1>c:\users\kaleado\documents\visual studio 2013\projects\rpg-prototype\rpg-prototype\src\gmgrab.h(14): warning C4018: '<' : signed/unsigned mismatch
     1>c:\users\kaleado\documents\visual studio 2013\projects\rpg-prototype\rpg-prototype\src\main.cpp(47): warning C4018: '<' : signed/unsigned mismatch
     1>c:\users\kaleado\documents\visual studio 2013\projects\rpg-prototype\rpg-prototype\src\main.cpp(67): warning C4018: '<' : signed/unsigned mismatch
     1>c:\users\kaleado\documents\visual studio 2013\projects\rpg-prototype\rpg-prototype\src\main.cpp(87): warning C4018: '<' : signed/unsigned mismatch
     1>c:\users\kaleado\documents\visual studio 2013\projects\rpg-prototype\rpg-prototype\src\main.cpp(98): warning C4018: '<' : signed/unsigned mismatch
     1>c:\users\kaleado\documents\visual studio 2013\projects\rpg-prototype\rpg-prototype\src\main.cpp(108): warning C4018: '<' : signed/unsigned mismatch
     1>c:\users\kaleado\documents\visual studio 2013\projects\rpg-prototype\rpg-prototype\src\main.cpp(123): warning C4018: '<' : signed/unsigned mismatch
     1>c:\users\kaleado\documents\visual studio 2013\projects\rpg-prototype\rpg-prototype\src\main.cpp(141): warning C4018: '<' : signed/unsigned mismatch
     1>c:\users\kaleado\documents\visual studio 2013\projects\rpg-prototype\rpg-prototype\src\main.cpp(218): warning C4018: '<' : signed/unsigned mismatch
     1>c:\users\kaleado\documents\visual studio 2013\projects\rpg-prototype\rpg-prototype\src\main.cpp(232): warning C4018: '<' : signed/unsigned mismatch
     1>c:\users\kaleado\documents\visual studio 2013\projects\rpg-prototype\rpg-prototype\src\main.cpp(234): warning C4018: '<' : signed/unsigned mismatch
     1>c:\users\kaleado\documents\visual studio 2013\projects\rpg-prototype\rpg-prototype\src\main.cpp(245): warning C4018: '<' : signed/unsigned mismatch
     1>c:\users\kaleado\documents\visual studio 2013\projects\rpg-prototype\rpg-prototype\src\main.cpp(247): warning C4018: '<' : signed/unsigned mismatch
     1>c:\users\kaleado\documents\visual studio 2013\projects\rpg-prototype\rpg-prototype\src\main.cpp(259): warning C4018: '<' : signed/unsigned mismatch
     1>c:\users\kaleado\documents\visual studio 2013\projects\rpg-prototype\rpg-prototype\src\main.cpp(261): warning C4018: '<' : signed/unsigned mismatch
     1>c:\users\kaleado\documents\visual studio 2013\projects\rpg-prototype\rpg-prototype\src\main.cpp(268): warning C4018: '<' : signed/unsigned mismatch
     1>c:\users\kaleado\documents\visual studio 2013\projects\rpg-prototype\rpg-prototype\src\main.cpp(270): warning C4018: '<' : signed/unsigned mismatch
     1>c:\users\kaleado\documents\visual studio 2013\projects\rpg-prototype\rpg-prototype\src\main.cpp(298): warning C4018: '<' : signed/unsigned mismatch
     1>c:\users\kaleado\documents\visual studio 2013\projects\rpg-prototype\rpg-prototype\src\main.cpp(300): warning C4018: '<' : signed/unsigned mismatch
     1>c:\users\kaleado\documents\visual studio 2013\projects\rpg-prototype\rpg-prototype\src\main.cpp(307): warning C4018: '<' : signed/unsigned mismatch
     1>c:\users\kaleado\documents\visual studio 2013\projects\rpg-prototype\rpg-prototype\src\main.cpp(309): warning C4018: '<' : signed/unsigned mismatch
     1>c:\users\kaleado\documents\visual studio 2013\projects\rpg-prototype\rpg-prototype\src\datathings.h(14): warning C4018: '<' : signed/unsigned mismatch
     1>c:\users\kaleado\documents\visual studio 2013\projects\rpg-prototype\rpg-prototype\src\datathings.h(26): warning C4018: '<' : signed/unsigned mismatch
     1>c:\users\kaleado\documents\visual studio 2013\projects\rpg-prototype\rpg-prototype\src\datathings.h(78): warning C4018: '<' : signed/unsigned mismatch
     1>c:\users\kaleado\documents\visual studio 2013\projects\rpg-prototype\rpg-prototype\src\datathings.h(133): warning C4018: '<' : signed/unsigned mismatch
     1>c:\users\kaleado\documents\visual studio 2013\projects\rpg-prototype\rpg-prototype\src\datathings.h(143): warning C4018: '<' : signed/unsigned mismatch
     1>c:\users\kaleado\documents\visual studio 2013\projects\rpg-prototype\rpg-prototype\src\datathings.h(155): warning C4018: '<' : signed/unsigned mismatch
     1>c:\users\kaleado\documents\visual studio 2013\projects\rpg-prototype\rpg-prototype\src\datathings.h(164): warning C4018: '<' : signed/unsigned mismatch
     1>c:\users\kaleado\documents\visual studio 2013\projects\rpg-prototype\rpg-prototype\src\datathings.h(177): warning C4018: '<' : signed/unsigned mismatch
     1>c:\users\kaleado\documents\visual studio 2013\projects\rpg-prototype\rpg-prototype\src\datathings.h(225): warning C4018: '<' : signed/unsigned mismatch
     1>c:\users\kaleado\documents\visual studio 2013\projects\rpg-prototype\rpg-prototype\src\datathings.h(226): warning C4018: '<' : signed/unsigned mismatch
     1>c:\users\kaleado\documents\visual studio 2013\projects\rpg-prototype\rpg-prototype\src\datathings.h(252): warning C4018: '<' : signed/unsigned mismatch
     1>c:\users\kaleado\documents\visual studio 2013\projects\rpg-prototype\rpg-prototype\src\datathings.h(264): warning C4018: '<' : signed/unsigned mismatch
     1>c:\users\kaleado\documents\visual studio 2013\projects\rpg-prototype\rpg-prototype\src\main.cpp(377): warning C4244: 'argument' : conversion from 'time_t' to 'unsigned int', possible loss of data
     1>c:\users\kaleado\documents\visual studio 2013\projects\rpg-prototype\rpg-prototype\src\main.cpp(523): warning C4018: '<' : signed/unsigned mismatch
     1>c:\users\kaleado\documents\visual studio 2013\projects\rpg-prototype\rpg-prototype\src\main.cpp(616): warning C4018: '<' : signed/unsigned mismatch
     1>c:\users\kaleado\documents\visual studio 2013\projects\rpg-prototype\rpg-prototype\src\main.cpp(693): warning C4018: '<' : signed/unsigned mismatch
     1>c:\users\kaleado\documents\visual studio 2013\projects\rpg-prototype\rpg-prototype\src\main.cpp(712): warning C4018: '<' : signed/unsigned mismatch
     1>c:\users\kaleado\documents\visual studio 2013\projects\rpg-prototype\rpg-prototype\src\main.cpp(737): warning C4018: '<' : signed/unsigned mismatch
     1>c:\users\kaleado\documents\visual studio 2013\projects\rpg-prototype\rpg-prototype\src\main.cpp(746): warning C4018: '>' : signed/unsigned mismatch
     1>c:\users\kaleado\documents\visual studio 2013\projects\rpg-prototype\rpg-prototype\src\main.cpp(746): warning C4018: '<' : signed/unsigned mismatch
     1>c:\users\kaleado\documents\visual studio 2013\projects\rpg-prototype\rpg-prototype\src\main.cpp(748): warning C4018: '>' : signed/unsigned mismatch
     1>c:\users\kaleado\documents\visual studio 2013\projects\rpg-prototype\rpg-prototype\src\main.cpp(748): warning C4018: '<' : signed/unsigned mismatch
     1>c:\users\kaleado\documents\visual studio 2013\projects\rpg-prototype\rpg-prototype\src\main.cpp(761): warning C4018: '<' : signed/unsigned mismatch
     1>c:\users\kaleado\documents\visual studio 2013\projects\rpg-prototype\rpg-prototype\src\main.cpp(766): warning C4018: '<' : signed/unsigned mismatch
       Link:
         C:\Program Files (x86)\Microsoft Visual Studio 12.0\VC\bin\link.exe /ERRORREPORT:PROMPT /OUT:"C:\Users\Kaleado\documents\visual studio 2013\Projects\rpg-prototype\Debug\rpg-prototype.exe" /INCREMENTAL /NOLOGO SDL2.lib SDL2main.lib SDL2_image.lib SDL2_ttf.lib kernel32.lib user32.lib gdi32.lib winspool.lib comdlg32.lib advapi32.lib shell32.lib ole32.lib oleaut32.lib uuid.lib odbc32.lib odbccp32.lib /MANIFEST /MANIFESTUAC:"level='asInvoker' uiAccess='false'" /manifest:embed /DEBUG /PDB:"C:\Users\Kaleado\documents\visual studio 2013\Projects\rpg-prototype\Debug\rpg-prototype.pdb" /SUBSYSTEM:CONSOLE /TLBID:1 /DYNAMICBASE /NXCOMPAT /IMPLIB:"C:\Users\Kaleado\documents\visual studio 2013\Projects\rpg-prototype\Debug\rpg-prototype.lib" /MACHINE:X86 Debug\fov.obj
         Debug\main.obj
         rpg-prototype.vcxproj -> C:\Users\Kaleado\documents\visual studio 2013\Projects\rpg-prototype\Debug\rpg-prototype.exe
     1>Done Building Project "C:\Users\Kaleado\documents\visual studio 2013\Projects\rpg-prototype\rpg-prototype\rpg-prototype.vcxproj" (Build target(s)).

Build succeeded.

Time Elapsed 00:00:02.13
